<?xml version="1.0" encoding="UTF-8"?>
<!-- Generated by org.testng.reporters.JUnitReportReporter -->
<testsuite skipped="0" hostname="Sanchit-PC" name="com.app.qa.test.ProjectDashboardTest" tests="3" failures="0" timestamp="03 Feb 2019 05:49:08 GMT" time="18.461" errors="0">
  <testcase name="validateLogo" time="5.507" classname="com.app.qa.test.ProjectDashboardTest"/>
  <testcase name="validateAccountingStatistics" time="7.352" classname="com.app.qa.test.ProjectDashboardTest"/>
  <testcase name="validatePageTitle" time="5.602" classname="com.app.qa.test.ProjectDashboardTest"/>
</testsuite> <!-- com.app.qa.test.ProjectDashboardTest -->
