<?xml version="1.0" encoding="UTF-8"?>
<!-- Generated by org.testng.reporters.JUnitReportReporter -->
<testsuite skipped="0" hostname="Sanchit-PC" name="com.app.qa.test.ProjectDashboardTest" tests="1" failures="0" timestamp="03 Feb 2019 17:41:35 GMT" time="6.409" errors="0">
  <testcase name="validateBudgetFormatOnUpdate" time="6.409" classname="com.app.qa.test.ProjectDashboardTest"/>
</testsuite> <!-- com.app.qa.test.ProjectDashboardTest -->
