<?xml version="1.0" encoding="UTF-8"?>
<!-- Generated by org.testng.reporters.JUnitReportReporter -->
<testsuite skipped="0" hostname="Sanchit-PC" name="com.app.qa.test.ProjectDashboardTest" tests="11" failures="0" timestamp="03 Feb 2019 07:10:54 GMT" time="65.639" errors="0">
  <testcase name="validateLogo" time="5.382" classname="com.app.qa.test.ProjectDashboardTest"/>
  <testcase name="validatePageTitle" time="5.182" classname="com.app.qa.test.ProjectDashboardTest"/>
  <testcase name="validateAccountingStatistics" time="5.992" classname="com.app.qa.test.ProjectDashboardTest"/>
  <testcase name="validateAdministrationStatistics" time="6.027" classname="com.app.qa.test.ProjectDashboardTest"/>
  <testcase name="validateMarketingStatistics" time="6.151" classname="com.app.qa.test.ProjectDashboardTest"/>
  <testcase name="validateSalesStatistics" time="6.051" classname="com.app.qa.test.ProjectDashboardTest"/>
  <testcase name="validateProductionStatistics" time="6.108" classname="com.app.qa.test.ProjectDashboardTest"/>
  <testcase name="validateArchivedStatistics" time="6.000" classname="com.app.qa.test.ProjectDashboardTest"/>
  <testcase name="validateNewStatistics" time="6.033" classname="com.app.qa.test.ProjectDashboardTest"/>
  <testcase name="validateWorkingStatistics" time="6.654" classname="com.app.qa.test.ProjectDashboardTest"/>
  <testcase name="validateDeliveredStatistics" time="6.059" classname="com.app.qa.test.ProjectDashboardTest"/>
</testsuite> <!-- com.app.qa.test.ProjectDashboardTest -->
